0 info it worked if it ends with ok
1 verbose cli [ 'C:\\Windows\\node.js\\node.exe',
1 verbose cli   'C:\\Windows\\node.js\\node_modules\\npm\\bin\\npm-cli.js',
1 verbose cli   'run',
1 verbose cli   'storybook' ]
2 info using npm@3.10.10
3 info using node@v6.10.1
4 verbose config Skipping project config: C:\Users\ldpan/.npmrc. (matches userconfig)
5 verbose stack Error: missing script: storybook
5 verbose stack     at run (C:\Windows\node.js\node_modules\npm\lib\run-script.js:151:19)
5 verbose stack     at C:\Windows\node.js\node_modules\npm\lib\run-script.js:61:5
5 verbose stack     at C:\Windows\node.js\node_modules\npm\node_modules\read-package-json\read-json.js:356:5
5 verbose stack     at checkBinReferences_ (C:\Windows\node.js\node_modules\npm\node_modules\read-package-json\read-json.js:320:45)
5 verbose stack     at final (C:\Windows\node.js\node_modules\npm\node_modules\read-package-json\read-json.js:354:3)
5 verbose stack     at then (C:\Windows\node.js\node_modules\npm\node_modules\read-package-json\read-json.js:124:5)
5 verbose stack     at ReadFileContext.<anonymous> (C:\Windows\node.js\node_modules\npm\node_modules\read-package-json\read-json.js:295:20)
5 verbose stack     at ReadFileContext.callback (C:\Windows\node.js\node_modules\npm\node_modules\graceful-fs\graceful-fs.js:78:16)
5 verbose stack     at FSReqWrap.readFileAfterOpen [as oncomplete] (fs.js:366:13)
6 verbose cwd C:\Users\ldpan\Desktop\holochain\PostPongChain
7 error Windows_NT 10.0.17134
8 error argv "C:\\Windows\\node.js\\node.exe" "C:\\Windows\\node.js\\node_modules\\npm\\bin\\npm-cli.js" "run" "storybook"
9 error node v6.10.1
10 error npm  v3.10.10
11 error missing script: storybook
12 error If you need help, you may report this error at:
12 error     <https://github.com/npm/npm/issues>
13 verbose exit [ 1, true ]
